  [1m[36m (36.0ms)[0m  [1mCREATE TABLE "schema_migrations" ("version" character varying(255) NOT NULL) [0m
  [1m[35m (29.6ms)[0m  CREATE UNIQUE INDEX  "unique_schema_migrations" ON "schema_migrations"  ("version")
  [1m[36mActiveRecord::SchemaMigration Load (0.4ms)[0m  [1mSELECT "schema_migrations".* FROM "schema_migrations"[0m
Migrating to CreateBears (20141214201537)
  [1m[35m (0.3ms)[0m  BEGIN
  [1m[36m (19.8ms)[0m  [1mCREATE TABLE "bears" ("id" serial primary key, "name" character varying(255), "gender" character varying(255), "hunger" integer, "happiness" integer, "energy" integer, "created_at" timestamp, "updated_at" timestamp) [0m
  [1m[35mSQL (0.3ms)[0m  INSERT INTO "schema_migrations" ("version") VALUES ($1)  [["version", "20141214201537"]]
  [1m[36m (0.5ms)[0m  [1mCOMMIT[0m
Migrating to CreateUsers (20141214201549)
  [1m[35m (0.3ms)[0m  BEGIN
  [1m[36m (4.0ms)[0m  [1mCREATE TABLE "users" ("id" serial primary key, "child_name" character varying(255), "parent_email" character varying(255), "password_digest" character varying(255), "searches" character varying(255)) [0m
  [1m[35mSQL (0.3ms)[0m  INSERT INTO "schema_migrations" ("version") VALUES ($1)  [["version", "20141214201549"]]
  [1m[36m (0.8ms)[0m  [1mCOMMIT[0m
  [1m[35mActiveRecord::SchemaMigration Load (0.2ms)[0m  SELECT "schema_migrations".* FROM "schema_migrations"
  [1m[36m (15.4ms)[0m  [1mCREATE TABLE "schema_migrations" ("version" character varying(255) NOT NULL) [0m
  [1m[35m (1.8ms)[0m  CREATE UNIQUE INDEX  "unique_schema_migrations" ON "schema_migrations"  ("version")
  [1m[36mActiveRecord::SchemaMigration Load (0.4ms)[0m  [1mSELECT "schema_migrations".* FROM "schema_migrations"[0m
Migrating to CreateBears (20141214201537)
  [1m[35m (0.3ms)[0m  BEGIN
  [1m[36m (3.7ms)[0m  [1mCREATE TABLE "bears" ("id" serial primary key, "name" character varying(255), "gender" character varying(255), "hunger" integer, "happiness" integer, "energy" integer, "created_at" timestamp, "updated_at" timestamp) [0m
  [1m[35mSQL (0.3ms)[0m  INSERT INTO "schema_migrations" ("version") VALUES ($1)  [["version", "20141214201537"]]
  [1m[36m (0.6ms)[0m  [1mCOMMIT[0m
Migrating to CreateUsers (20141214201549)
  [1m[35m (0.2ms)[0m  BEGIN
  [1m[36m (22.9ms)[0m  [1mCREATE TABLE "users" ("id" serial primary key, "parent_email" character varying(255), "password_digest" character varying(255), "child_name" character varying(255), "favorite_color" character varying(255), "searches" character varying(255), "created_at" timestamp, "updated_at" timestamp) [0m
  [1m[35mSQL (0.3ms)[0m  INSERT INTO "schema_migrations" ("version") VALUES ($1)  [["version", "20141214201549"]]
  [1m[36m (0.8ms)[0m  [1mCOMMIT[0m
  [1m[35mActiveRecord::SchemaMigration Load (0.3ms)[0m  SELECT "schema_migrations".* FROM "schema_migrations"
  [1m[36m (2.7ms)[0m  [1mCREATE TABLE "schema_migrations" ("version" character varying(255) NOT NULL) [0m
  [1m[35m (30.5ms)[0m  CREATE UNIQUE INDEX  "unique_schema_migrations" ON "schema_migrations"  ("version")
  [1m[36mActiveRecord::SchemaMigration Load (0.3ms)[0m  [1mSELECT "schema_migrations".* FROM "schema_migrations"[0m
Migrating to CreateBears (20141214201537)
  [1m[35m (0.3ms)[0m  BEGIN
  [1m[36m (3.6ms)[0m  [1mCREATE TABLE "bears" ("id" serial primary key, "name" character varying(255), "gender" character varying(255), "hunger" integer, "happiness" integer, "energy" integer, "created_at" timestamp, "updated_at" timestamp) [0m
  [1m[35mSQL (0.3ms)[0m  INSERT INTO "schema_migrations" ("version") VALUES ($1)  [["version", "20141214201537"]]
  [1m[36m (0.5ms)[0m  [1mCOMMIT[0m
Migrating to CreateUsers (20141214201549)
  [1m[35m (0.2ms)[0m  BEGIN
  [1m[36m (3.6ms)[0m  [1mCREATE TABLE "users" ("id" serial primary key, "parent_email" character varying(255), "password_digest" character varying(255), "child_name" character varying(255), "favorite_color" character varying(255), "searches" character varying(255)[] DEFAULT '{}', "created_at" timestamp, "updated_at" timestamp) [0m
  [1m[35mSQL (0.2ms)[0m  INSERT INTO "schema_migrations" ("version") VALUES ($1)  [["version", "20141214201549"]]
  [1m[36m (0.8ms)[0m  [1mCOMMIT[0m
  [1m[35mActiveRecord::SchemaMigration Load (0.3ms)[0m  SELECT "schema_migrations".* FROM "schema_migrations"
  [1m[36m (10.8ms)[0m  [1mCREATE TABLE "schema_migrations" ("version" character varying(255) NOT NULL) [0m
  [1m[35m (1.7ms)[0m  CREATE UNIQUE INDEX  "unique_schema_migrations" ON "schema_migrations"  ("version")
  [1m[36mActiveRecord::SchemaMigration Load (0.3ms)[0m  [1mSELECT "schema_migrations".* FROM "schema_migrations"[0m
Migrating to CreateBears (20141214201537)
  [1m[35m (0.3ms)[0m  BEGIN
  [1m[36m (4.7ms)[0m  [1mCREATE TABLE "bears" ("id" serial primary key, "name" character varying(255), "gender" character varying(255), "hunger" integer, "happiness" integer, "energy" integer, "user_id" integer, "created_at" timestamp, "updated_at" timestamp) [0m
  [1m[35mSQL (0.3ms)[0m  INSERT INTO "schema_migrations" ("version") VALUES ($1)  [["version", "20141214201537"]]
  [1m[36m (0.5ms)[0m  [1mCOMMIT[0m
Migrating to CreateUsers (20141214201549)
  [1m[35m (0.2ms)[0m  BEGIN
  [1m[36m (3.0ms)[0m  [1mCREATE TABLE "users" ("id" serial primary key, "parent_email" character varying(255), "password_digest" character varying(255), "child_name" character varying(255), "favorite_color" character varying(255), "created_at" timestamp, "updated_at" timestamp) [0m
  [1m[35mSQL (0.3ms)[0m  INSERT INTO "schema_migrations" ("version") VALUES ($1)  [["version", "20141214201549"]]
  [1m[36m (0.8ms)[0m  [1mCOMMIT[0m
Migrating to CreateSearches (20141214220723)
  [1m[35m (0.3ms)[0m  BEGIN
  [1m[36m (1.8ms)[0m  [1mCREATE TABLE "searches" ("id" serial primary key, "search" character varying(255), "user_id" integer, "created_at" timestamp, "updated_at" timestamp) [0m
  [1m[35mSQL (0.2ms)[0m  INSERT INTO "schema_migrations" ("version") VALUES ($1)  [["version", "20141214220723"]]
  [1m[36m (0.6ms)[0m  [1mCOMMIT[0m
  [1m[35mActiveRecord::SchemaMigration Load (0.3ms)[0m  SELECT "schema_migrations".* FROM "schema_migrations"
  [1m[36mActiveRecord::SchemaMigration Load (0.5ms)[0m  [1mSELECT "schema_migrations".* FROM "schema_migrations"[0m
  [1m[36mActiveRecord::SchemaMigration Load (0.4ms)[0m  [1mSELECT "schema_migrations".* FROM "schema_migrations"[0m
  [1m[36mActiveRecord::SchemaMigration Load (0.4ms)[0m  [1mSELECT "schema_migrations".* FROM "schema_migrations"[0m
  [1m[36mActiveRecord::SchemaMigration Load (0.4ms)[0m  [1mSELECT "schema_migrations".* FROM "schema_migrations"[0m
  [1m[36m (41.7ms)[0m  [1mCREATE TABLE "schema_migrations" ("version" character varying(255) NOT NULL) [0m
  [1m[35m (2.1ms)[0m  CREATE UNIQUE INDEX  "unique_schema_migrations" ON "schema_migrations"  ("version")
  [1m[36mActiveRecord::SchemaMigration Load (0.4ms)[0m  [1mSELECT "schema_migrations".* FROM "schema_migrations"[0m
Migrating to CreateBears (20141214201537)
  [1m[35m (0.1ms)[0m  BEGIN
  [1m[36m (3.8ms)[0m  [1mCREATE TABLE "bears" ("id" serial primary key, "name" character varying(255), "gender" character varying(255), "hunger" integer, "happiness" integer, "energy" integer, "user_id" integer, "created_at" timestamp, "updated_at" timestamp) [0m
  [1m[35mSQL (0.5ms)[0m  INSERT INTO "schema_migrations" ("version") VALUES ($1)  [["version", "20141214201537"]]
  [1m[36m (0.6ms)[0m  [1mCOMMIT[0m
Migrating to CreateUsers (20141214201549)
  [1m[35m (0.2ms)[0m  BEGIN
  [1m[36m (4.3ms)[0m  [1mCREATE TABLE "users" ("id" serial primary key, "parent_email" character varying(255), "password_digest" character varying(255), "child_name" character varying(255), "child_gender" character varying(255), "favorite_color" character varying(255), "created_at" timestamp, "updated_at" timestamp) [0m
  [1m[35mSQL (0.2ms)[0m  INSERT INTO "schema_migrations" ("version") VALUES ($1)  [["version", "20141214201549"]]
  [1m[36m (0.7ms)[0m  [1mCOMMIT[0m
Migrating to CreateSearches (20141214220723)
  [1m[35m (0.3ms)[0m  BEGIN
  [1m[36m (1.8ms)[0m  [1mCREATE TABLE "searches" ("id" serial primary key, "search" character varying(255), "user_id" integer, "created_at" timestamp, "updated_at" timestamp) [0m
  [1m[35mSQL (0.2ms)[0m  INSERT INTO "schema_migrations" ("version") VALUES ($1)  [["version", "20141214220723"]]
  [1m[36m (0.7ms)[0m  [1mCOMMIT[0m
  [1m[35mActiveRecord::SchemaMigration Load (0.2ms)[0m  SELECT "schema_migrations".* FROM "schema_migrations"
  [1m[36mActiveRecord::SchemaMigration Load (0.5ms)[0m  [1mSELECT "schema_migrations".* FROM "schema_migrations"[0m
  [1m[36mActiveRecord::SchemaMigration Load (0.3ms)[0m  [1mSELECT "schema_migrations".* FROM "schema_migrations"[0m
  [1m[36mActiveRecord::SchemaMigration Load (0.4ms)[0m  [1mSELECT "schema_migrations".* FROM "schema_migrations"[0m
  [1m[36m (32.4ms)[0m  [1mCREATE TABLE "schema_migrations" ("version" character varying(255) NOT NULL) [0m
  [1m[35m (1.7ms)[0m  CREATE UNIQUE INDEX  "unique_schema_migrations" ON "schema_migrations"  ("version")
  [1m[36mActiveRecord::SchemaMigration Load (0.4ms)[0m  [1mSELECT "schema_migrations".* FROM "schema_migrations"[0m
  [1m[36mActiveRecord::SchemaMigration Load (0.4ms)[0m  [1mSELECT "schema_migrations".* FROM "schema_migrations"[0m
Migrating to CreateBears (20141214201537)
  [1m[35m (0.3ms)[0m  BEGIN
  [1m[36m (18.9ms)[0m  [1mCREATE TABLE "bears" ("id" serial primary key, "name" character varying(255), "gender" character varying(255), "hunger" integer, "happiness" integer, "energy" integer, "user_id" integer, "created_at" timestamp, "updated_at" timestamp) [0m
  [1m[35mSQL (0.3ms)[0m  INSERT INTO "schema_migrations" ("version") VALUES ($1)  [["version", "20141214201537"]]
  [1m[36m (0.7ms)[0m  [1mCOMMIT[0m
Migrating to CreateUsers (20141214201549)
  [1m[35m (0.2ms)[0m  BEGIN
  [1m[36m (3.3ms)[0m  [1mCREATE TABLE "users" ("id" serial primary key, "parent_email" character varying(255), "password_digest" character varying(255), "child_name" character varying(255), "child_gender" character varying(255), "favorite_color" character varying(255), "created_at" timestamp, "updated_at" timestamp) [0m
  [1m[35mSQL (0.3ms)[0m  INSERT INTO "schema_migrations" ("version") VALUES ($1)  [["version", "20141214201549"]]
  [1m[36m (0.7ms)[0m  [1mCOMMIT[0m
Migrating to CreateSearches (20141214220723)
  [1m[35m (0.3ms)[0m  BEGIN
  [1m[36m (2.8ms)[0m  [1mCREATE TABLE "searches" ("id" serial primary key, "input" character varying(255), "user_id" integer, "created_at" timestamp, "updated_at" timestamp) [0m
  [1m[35mSQL (0.2ms)[0m  INSERT INTO "schema_migrations" ("version") VALUES ($1)  [["version", "20141214220723"]]
  [1m[36m (0.6ms)[0m  [1mCOMMIT[0m
  [1m[35mActiveRecord::SchemaMigration Load (0.3ms)[0m  SELECT "schema_migrations".* FROM "schema_migrations"
  [1m[36mActiveRecord::SchemaMigration Load (0.4ms)[0m  [1mSELECT "schema_migrations".* FROM "schema_migrations"[0m
  [1m[36mSQL (0.4ms)[0m  [1mCREATE EXTENSION IF NOT EXISTS "plpgsql"[0m
  [1m[35m (107.7ms)[0m  DROP TABLE "bears"
  [1m[36m (5.0ms)[0m  [1mCREATE TABLE "bears" ("id" serial primary key, "name" character varying(255), "gender" character varying(255), "hunger" integer, "happiness" integer, "energy" integer, "user_id" integer, "created_at" timestamp, "updated_at" timestamp) [0m
  [1m[35m (1.4ms)[0m  DROP TABLE "searches"
  [1m[36m (2.6ms)[0m  [1mCREATE TABLE "searches" ("id" serial primary key, "input" character varying(255), "user_id" integer, "created_at" timestamp, "updated_at" timestamp) [0m
  [1m[35m (1.9ms)[0m  DROP TABLE "users"
  [1m[36m (3.2ms)[0m  [1mCREATE TABLE "users" ("id" serial primary key, "parent_email" character varying(255), "password_digest" character varying(255), "child_name" character varying(255), "child_gender" character varying(255), "favorite_color" character varying(255), "created_at" timestamp, "updated_at" timestamp) [0m
  [1m[35m (0.3ms)[0m  SELECT version FROM "schema_migrations"
  [1m[36mActiveRecord::SchemaMigration Load (0.2ms)[0m  [1mSELECT "schema_migrations".* FROM "schema_migrations"[0m
  [1m[36mSQL (0.3ms)[0m  [1mCREATE EXTENSION IF NOT EXISTS "plpgsql"[0m
  [1m[35m (3.0ms)[0m  DROP TABLE "bears"
  [1m[36m (4.9ms)[0m  [1mCREATE TABLE "bears" ("id" serial primary key, "name" character varying(255), "gender" character varying(255), "hunger" integer, "happiness" integer, "energy" integer, "user_id" integer, "created_at" timestamp, "updated_at" timestamp) [0m
  [1m[35m (1.3ms)[0m  DROP TABLE "searches"
  [1m[36m (43.6ms)[0m  [1mCREATE TABLE "searches" ("id" serial primary key, "input" character varying(255), "user_id" integer, "created_at" timestamp, "updated_at" timestamp) [0m
  [1m[35m (1.6ms)[0m  DROP TABLE "users"
  [1m[36m (3.4ms)[0m  [1mCREATE TABLE "users" ("id" serial primary key, "parent_email" character varying(255), "password_digest" character varying(255), "child_name" character varying(255), "child_gender" character varying(255), "favorite_color" character varying(255), "created_at" timestamp, "updated_at" timestamp) [0m
  [1m[35m (0.3ms)[0m  SELECT version FROM "schema_migrations"
  [1m[36mActiveRecord::SchemaMigration Load (0.2ms)[0m  [1mSELECT "schema_migrations".* FROM "schema_migrations"[0m
  [1m[36mActiveRecord::SchemaMigration Load (0.4ms)[0m  [1mSELECT "schema_migrations".* FROM "schema_migrations"[0m
  [1m[36mActiveRecord::SchemaMigration Load (0.3ms)[0m  [1mSELECT "schema_migrations".* FROM "schema_migrations"[0m
  [1m[36mActiveRecord::SchemaMigration Load (0.3ms)[0m  [1mSELECT "schema_migrations".* FROM "schema_migrations"[0m
  [1m[36mActiveRecord::SchemaMigration Load (0.5ms)[0m  [1mSELECT "schema_migrations".* FROM "schema_migrations"[0m
  [1m[36mActiveRecord::SchemaMigration Load (0.4ms)[0m  [1mSELECT "schema_migrations".* FROM "schema_migrations"[0m
  [1m[36m (46.1ms)[0m  [1mCREATE TABLE "schema_migrations" ("version" character varying(255) NOT NULL) [0m
  [1m[35m (88.1ms)[0m  CREATE UNIQUE INDEX  "unique_schema_migrations" ON "schema_migrations"  ("version")
  [1m[36mActiveRecord::SchemaMigration Load (0.4ms)[0m  [1mSELECT "schema_migrations".* FROM "schema_migrations"[0m
Migrating to CreateBears (20141214201537)
  [1m[35m (0.3ms)[0m  BEGIN
  [1m[36m (18.0ms)[0m  [1mCREATE TABLE "bears" ("id" serial primary key, "name" character varying(255), "gender" character varying(255), "hunger" integer, "happiness" integer, "energy" integer, "user_id" integer, "created_at" timestamp, "updated_at" timestamp) [0m
  [1m[35mSQL (0.4ms)[0m  INSERT INTO "schema_migrations" ("version") VALUES ($1)  [["version", "20141214201537"]]
  [1m[36m (0.7ms)[0m  [1mCOMMIT[0m
Migrating to CreateUsers (20141214201549)
  [1m[35m (0.3ms)[0m  BEGIN
  [1m[36m (8.4ms)[0m  [1mCREATE TABLE "users" ("id" serial primary key, "parent_email" character varying(255), "password_digest" character varying(255), "child_name" character varying(255), "child_gender" character varying(255), "favorite_color" character varying(255), "created_at" timestamp, "updated_at" timestamp) [0m
  [1m[35mSQL (0.3ms)[0m  INSERT INTO "schema_migrations" ("version") VALUES ($1)  [["version", "20141214201549"]]
  [1m[36m (0.8ms)[0m  [1mCOMMIT[0m
Migrating to CreateSearches (20141214220723)
  [1m[35m (0.3ms)[0m  BEGIN
  [1m[36m (2.4ms)[0m  [1mCREATE TABLE "searches" ("id" serial primary key, "input" character varying(255), "user_id" integer, "created_at" timestamp, "updated_at" timestamp) [0m
  [1m[35mSQL (0.3ms)[0m  INSERT INTO "schema_migrations" ("version") VALUES ($1)  [["version", "20141214220723"]]
  [1m[36m (0.6ms)[0m  [1mCOMMIT[0m
Migrating to CreateMemory (20141215171858)
  [1m[35m (0.4ms)[0m  BEGIN
  [1m[36m (3.8ms)[0m  [1mCREATE TABLE "memories" ("id" serial primary key, "all" text, "transportation" text, "fruits" text, "vegetables" text, "animals" text, "letters" text, "numbers" text, "people" text, "bear_id" integer, "created_at" timestamp, "updated_at" timestamp) [0m
  [1m[35mSQL (0.3ms)[0m  INSERT INTO "schema_migrations" ("version") VALUES ($1)  [["version", "20141215171858"]]
  [1m[36m (0.7ms)[0m  [1mCOMMIT[0m
  [1m[35mActiveRecord::SchemaMigration Load (0.3ms)[0m  SELECT "schema_migrations".* FROM "schema_migrations"
  [1m[36mActiveRecord::SchemaMigration Load (0.4ms)[0m  [1mSELECT "schema_migrations".* FROM "schema_migrations"[0m
  [1m[36mActiveRecord::SchemaMigration Load (0.5ms)[0m  [1mSELECT "schema_migrations".* FROM "schema_migrations"[0m
  [1m[36mActiveRecord::SchemaMigration Load (0.5ms)[0m  [1mSELECT "schema_migrations".* FROM "schema_migrations"[0m
  [1m[36mActiveRecord::SchemaMigration Load (0.5ms)[0m  [1mSELECT "schema_migrations".* FROM "schema_migrations"[0m
  [1m[35mSQL (0.6ms)[0m  DELETE FROM "users"
  [1m[36mSQL (0.6ms)[0m  [1mDELETE FROM "bears"[0m
  [1m[35mSQL (0.4ms)[0m  DELETE FROM "searches"
  [1m[36mActiveRecord::SchemaMigration Load (0.5ms)[0m  [1mSELECT "schema_migrations".* FROM "schema_migrations"[0m
  [1m[35mSQL (0.5ms)[0m  DELETE FROM "users"
  [1m[36mSQL (0.5ms)[0m  [1mDELETE FROM "bears"[0m
  [1m[35mSQL (0.6ms)[0m  DELETE FROM "searches"
  [1m[36mActiveRecord::SchemaMigration Load (0.5ms)[0m  [1mSELECT "schema_migrations".* FROM "schema_migrations"[0m
  [1m[35mSQL (0.5ms)[0m  DELETE FROM "users"
  [1m[36mSQL (0.5ms)[0m  [1mDELETE FROM "bears"[0m
  [1m[35mSQL (0.4ms)[0m  DELETE FROM "searches"
